{"C:\\Users\\Administrator\\Desktop\\CosFront\\CosFront\\cosfront\\src\\Backend\\Layout.vue": {"path":"C:\\Users\\Administrator\\Desktop\\CosFront\\CosFront\\cosfront\\src\\Backend\\Layout.vue","statementMap":{"0":{"start":{"line":59,"column":0},"end":{"line":null,"column":-1}},"1":{"start":{"line":65,"column":0},"end":{"line":null,"column":-1}},"2":{"start":{"line":69,"column":0},"end":{"line":null,"column":-1}},"3":{"start":{"line":70,"column":0},"end":{"line":83,"column":0}},"4":{"start":{"line":72,"column":0},"end":{"line":null,"column":-1}},"5":{"start":{"line":73,"column":0},"end":{"line":79,"column":0}},"6":{"start":{"line":74,"column":0},"end":{"line":null,"column":-1}},"7":{"start":{"line":78,"column":0},"end":{"line":null,"column":-1}},"8":{"start":{"line":81,"column":0},"end":{"line":null,"column":-1}},"9":{"start":{"line":82,"column":0},"end":{"line":null,"column":-1}}},"fnMap":{"0":{"name":"data","decl":{"start":{"line":58,"column":0},"end":{"line":null,"column":-1}},"loc":{"start":{"line":58,"column":0},"end":{"line":63,"column":0}}},"1":{"name":"created","decl":{"start":{"line":64,"column":0},"end":{"line":null,"column":-1}},"loc":{"start":{"line":64,"column":0},"end":{"line":66,"column":0}}},"2":{"name":"logout","decl":{"start":{"line":68,"column":0},"end":{"line":null,"column":-1}},"loc":{"start":{"line":68,"column":0},"end":{"line":84,"column":0}}},"3":{"name":"(anonymous_4)","decl":{"start":{"line":70,"column":0},"end":{"line":null,"column":-1}},"loc":{"start":{"line":70,"column":0},"end":{"line":80,"column":0}}},"4":{"name":"(anonymous_5)","decl":{"start":{"line":80,"column":0},"end":{"line":null,"column":-1}},"loc":{"start":{"line":80,"column":0},"end":{"line":83,"column":0}}}},"branchMap":{"0":{"loc":{"start":{"line":73,"column":0},"end":{"line":79,"column":0}},"type":"if","locations":[{"start":{"line":73,"column":0},"end":{"line":79,"column":0}},{"start":{"line":73,"column":0},"end":{"line":79,"column":0}}]}},"s":{"0":0,"1":0,"2":0,"3":0,"4":0,"5":0,"6":0,"7":0,"8":0,"9":0},"f":{"0":0,"1":0,"2":0,"3":0,"4":0},"b":{"0":[0,0]}}
,"C:\\Users\\Administrator\\Desktop\\CosFront\\CosFront\\cosfront\\src\\Backend\\Login.vue": {"path":"C:\\Users\\Administrator\\Desktop\\CosFront\\CosFront\\cosfront\\src\\Backend\\Login.vue","statementMap":{"0":{"start":{"line":88,"column":0},"end":{"line":null,"column":-1}},"1":{"start":{"line":110,"column":0},"end":{"line":null,"column":-1}},"2":{"start":{"line":111,"column":0},"end":{"line":null,"column":-1}},"3":{"start":{"line":112,"column":0},"end":{"line":139,"column":0}},"4":{"start":{"line":113,"column":0},"end":{"line":138,"column":0}},"5":{"start":{"line":114,"column":0},"end":{"line":null,"column":-1}},"6":{"start":{"line":115,"column":0},"end":{"line":null,"column":-1}},"7":{"start":{"line":116,"column":0},"end":{"line":null,"column":-1}},"8":{"start":{"line":117,"column":0},"end":{"line":135,"column":0}},"9":{"start":{"line":119,"column":0},"end":{"line":null,"column":-1}},"10":{"start":{"line":120,"column":0},"end":{"line":131,"column":0}},"11":{"start":{"line":121,"column":0},"end":{"line":null,"column":-1}},"12":{"start":{"line":122,"column":0},"end":{"line":null,"column":-1}},"13":{"start":{"line":126,"column":0},"end":{"line":null,"column":-1}},"14":{"start":{"line":130,"column":0},"end":{"line":null,"column":-1}},"15":{"start":{"line":133,"column":0},"end":{"line":null,"column":-1}},"16":{"start":{"line":134,"column":0},"end":{"line":null,"column":-1}},"17":{"start":{"line":137,"column":0},"end":{"line":null,"column":-1}}},"fnMap":{"0":{"name":"data","decl":{"start":{"line":87,"column":0},"end":{"line":null,"column":-1}},"loc":{"start":{"line":87,"column":0},"end":{"line":105,"column":0}}},"1":{"name":"created","decl":{"start":{"line":106,"column":0},"end":{"line":null,"column":-1}},"loc":{"start":{"line":106,"column":0},"end":{"line":null,"column":-1}}},"2":{"name":"submitForm","decl":{"start":{"line":109,"column":0},"end":{"line":null,"column":-1}},"loc":{"start":{"line":109,"column":0},"end":{"line":140,"column":0}}},"3":{"name":"(anonymous_4)","decl":{"start":{"line":112,"column":0},"end":{"line":null,"column":-1}},"loc":{"start":{"line":112,"column":0},"end":{"line":139,"column":0}}},"4":{"name":"(anonymous_5)","decl":{"start":{"line":117,"column":0},"end":{"line":null,"column":-1}},"loc":{"start":{"line":117,"column":0},"end":{"line":132,"column":0}}},"5":{"name":"(anonymous_6)","decl":{"start":{"line":132,"column":0},"end":{"line":null,"column":-1}},"loc":{"start":{"line":132,"column":0},"end":{"line":135,"column":0}}}},"branchMap":{"0":{"loc":{"start":{"line":113,"column":0},"end":{"line":138,"column":0}},"type":"if","locations":[{"start":{"line":113,"column":0},"end":{"line":138,"column":0}},{"start":{"line":113,"column":0},"end":{"line":138,"column":0}}]},"1":{"loc":{"start":{"line":120,"column":0},"end":{"line":131,"column":0}},"type":"if","locations":[{"start":{"line":120,"column":0},"end":{"line":131,"column":0}},{"start":{"line":120,"column":0},"end":{"line":131,"column":0}}]}},"s":{"0":0,"1":0,"2":0,"3":0,"4":0,"5":0,"6":0,"7":0,"8":0,"9":0,"10":0,"11":0,"12":0,"13":0,"14":0,"15":0,"16":0,"17":0},"f":{"0":0,"1":0,"2":0,"3":0,"4":0,"5":0},"b":{"0":[0,0],"1":[0,0]}}
,"C:\\Users\\Administrator\\Desktop\\CosFront\\CosFront\\cosfront\\src\\Backend\\Register.vue": {"path":"C:\\Users\\Administrator\\Desktop\\CosFront\\CosFront\\cosfront\\src\\Backend\\Register.vue","statementMap":{"0":{"start":{"line":95,"column":0},"end":{"line":null,"column":-1}},"1":{"start":{"line":96,"column":0},"end":{"line":104,"column":0}},"2":{"start":{"line":97,"column":0},"end":{"line":103,"column":0}},"3":{"start":{"line":98,"column":0},"end":{"line":null,"column":-1}},"4":{"start":{"line":99,"column":0},"end":{"line":103,"column":0}},"5":{"start":{"line":100,"column":0},"end":{"line":null,"column":-1}},"6":{"start":{"line":102,"column":0},"end":{"line":null,"column":-1}},"7":{"start":{"line":105,"column":0},"end":{"line":null,"column":-1}},"8":{"start":{"line":130,"column":0},"end":{"line":null,"column":-1}},"9":{"start":{"line":131,"column":0},"end":{"line":null,"column":-1}},"10":{"start":{"line":132,"column":0},"end":{"line":160,"column":0}},"11":{"start":{"line":133,"column":0},"end":{"line":159,"column":0}},"12":{"start":{"line":134,"column":0},"end":{"line":null,"column":-1}},"13":{"start":{"line":135,"column":0},"end":{"line":null,"column":-1}},"14":{"start":{"line":136,"column":0},"end":{"line":null,"column":-1}},"15":{"start":{"line":137,"column":0},"end":{"line":null,"column":-1}},"16":{"start":{"line":138,"column":0},"end":{"line":156,"column":0}},"17":{"start":{"line":140,"column":0},"end":{"line":null,"column":-1}},"18":{"start":{"line":141,"column":0},"end":{"line":152,"column":0}},"19":{"start":{"line":142,"column":0},"end":{"line":null,"column":-1}},"20":{"start":{"line":143,"column":0},"end":{"line":null,"column":-1}},"21":{"start":{"line":147,"column":0},"end":{"line":null,"column":-1}},"22":{"start":{"line":151,"column":0},"end":{"line":null,"column":-1}},"23":{"start":{"line":154,"column":0},"end":{"line":null,"column":-1}},"24":{"start":{"line":155,"column":0},"end":{"line":null,"column":-1}},"25":{"start":{"line":158,"column":0},"end":{"line":null,"column":-1}}},"fnMap":{"0":{"name":"data","decl":{"start":{"line":95,"column":0},"end":{"line":null,"column":-1}},"loc":{"start":{"line":95,"column":0},"end":{"line":126,"column":0}}},"1":{"name":"validatePass","decl":{"start":{"line":96,"column":0},"end":{"line":null,"column":-1}},"loc":{"start":{"line":96,"column":0},"end":{"line":104,"column":0}}},"2":{"name":"submitForm","decl":{"start":{"line":129,"column":0},"end":{"line":null,"column":-1}},"loc":{"start":{"line":129,"column":0},"end":{"line":161,"column":0}}},"3":{"name":"(anonymous_4)","decl":{"start":{"line":132,"column":0},"end":{"line":null,"column":-1}},"loc":{"start":{"line":132,"column":0},"end":{"line":160,"column":0}}},"4":{"name":"(anonymous_5)","decl":{"start":{"line":138,"column":0},"end":{"line":null,"column":-1}},"loc":{"start":{"line":138,"column":0},"end":{"line":153,"column":0}}},"5":{"name":"(anonymous_6)","decl":{"start":{"line":153,"column":0},"end":{"line":null,"column":-1}},"loc":{"start":{"line":153,"column":0},"end":{"line":156,"column":0}}}},"branchMap":{"0":{"loc":{"start":{"line":97,"column":0},"end":{"line":103,"column":0}},"type":"if","locations":[{"start":{"line":97,"column":0},"end":{"line":103,"column":0}},{"start":{"line":97,"column":0},"end":{"line":103,"column":0}}]},"1":{"loc":{"start":{"line":99,"column":0},"end":{"line":103,"column":0}},"type":"if","locations":[{"start":{"line":99,"column":0},"end":{"line":103,"column":0}},{"start":{"line":99,"column":0},"end":{"line":103,"column":0}}]},"2":{"loc":{"start":{"line":133,"column":0},"end":{"line":159,"column":0}},"type":"if","locations":[{"start":{"line":133,"column":0},"end":{"line":159,"column":0}},{"start":{"line":133,"column":0},"end":{"line":159,"column":0}}]},"3":{"loc":{"start":{"line":141,"column":0},"end":{"line":152,"column":0}},"type":"if","locations":[{"start":{"line":141,"column":0},"end":{"line":152,"column":0}},{"start":{"line":141,"column":0},"end":{"line":152,"column":0}}]}},"s":{"0":0,"1":0,"2":0,"3":0,"4":0,"5":0,"6":0,"7":0,"8":0,"9":0,"10":0,"11":0,"12":0,"13":0,"14":0,"15":0,"16":0,"17":0,"18":0,"19":0,"20":0,"21":0,"22":0,"23":0,"24":0,"25":0},"f":{"0":0,"1":0,"2":0,"3":0,"4":0,"5":0},"b":{"0":[0,0],"1":[0,0],"2":[0,0],"3":[0,0]}}
,"C:\\Users\\Administrator\\Desktop\\CosFront\\CosFront\\cosfront\\src\\Backend\\Scroll.vue": {"path":"C:\\Users\\Administrator\\Desktop\\CosFront\\CosFront\\cosfront\\src\\Backend\\Scroll.vue","statementMap":{"0":{"start":{"line":98,"column":0},"end":{"line":null,"column":-1}},"1":{"start":{"line":119,"column":0},"end":{"line":null,"column":-1}},"2":{"start":{"line":120,"column":0},"end":{"line":null,"column":-1}},"3":{"start":{"line":124,"column":0},"end":{"line":null,"column":-1}},"4":{"start":{"line":127,"column":0},"end":{"line":null,"column":-1}},"5":{"start":{"line":130,"column":0},"end":{"line":null,"column":-1}},"6":{"start":{"line":131,"column":0},"end":{"line":null,"column":-1}},"7":{"start":{"line":132,"column":0},"end":{"line":null,"column":-1}},"8":{"start":{"line":133,"column":0},"end":{"line":null,"column":-1}},"9":{"start":{"line":134,"column":0},"end":{"line":null,"column":-1}},"10":{"start":{"line":135,"column":0},"end":{"line":null,"column":-1}},"11":{"start":{"line":136,"column":0},"end":{"line":144,"column":0}},"12":{"start":{"line":138,"column":0},"end":{"line":140,"column":0}},"13":{"start":{"line":139,"column":0},"end":{"line":null,"column":-1}},"14":{"start":{"line":143,"column":0},"end":{"line":null,"column":-1}},"15":{"start":{"line":148,"column":0},"end":{"line":null,"column":-1}},"16":{"start":{"line":149,"column":0},"end":{"line":null,"column":-1}},"17":{"start":{"line":153,"column":0},"end":{"line":null,"column":-1}},"18":{"start":{"line":156,"column":0},"end":{"line":null,"column":-1}},"19":{"start":{"line":159,"column":0},"end":{"line":null,"column":-1}},"20":{"start":{"line":160,"column":0},"end":{"line":null,"column":-1}},"21":{"start":{"line":161,"column":0},"end":{"line":null,"column":-1}},"22":{"start":{"line":162,"column":0},"end":{"line":169,"column":0}},"23":{"start":{"line":163,"column":0},"end":{"line":null,"column":-1}},"24":{"start":{"line":164,"column":0},"end":{"line":null,"column":-1}},"25":{"start":{"line":165,"column":0},"end":{"line":null,"column":-1}},"26":{"start":{"line":166,"column":0},"end":{"line":null,"column":-1}},"27":{"start":{"line":167,"column":0},"end":{"line":null,"column":-1}},"28":{"start":{"line":168,"column":0},"end":{"line":null,"column":-1}},"29":{"start":{"line":170,"column":0},"end":{"line":null,"column":-1}},"30":{"start":{"line":171,"column":0},"end":{"line":null,"column":-1}},"31":{"start":{"line":172,"column":0},"end":{"line":180,"column":0}},"32":{"start":{"line":174,"column":0},"end":{"line":176,"column":0}},"33":{"start":{"line":175,"column":0},"end":{"line":null,"column":-1}},"34":{"start":{"line":179,"column":0},"end":{"line":null,"column":-1}}},"fnMap":{"0":{"name":"data","decl":{"start":{"line":97,"column":0},"end":{"line":null,"column":-1}},"loc":{"start":{"line":97,"column":0},"end":{"line":112,"column":0}}},"1":{"name":"handleClick","decl":{"start":{"line":114,"column":0},"end":{"line":null,"column":-1}},"loc":{"start":{"line":114,"column":0},"end":{"line":116,"column":0}}},"2":{"name":"uploadSuccess","decl":{"start":{"line":118,"column":0},"end":{"line":null,"column":-1}},"loc":{"start":{"line":118,"column":0},"end":{"line":121,"column":0}}},"3":{"name":"uploadError","decl":{"start":{"line":123,"column":0},"end":{"line":null,"column":-1}},"loc":{"start":{"line":123,"column":0},"end":{"line":125,"column":0}}},"4":{"name":"beforeRemove","decl":{"start":{"line":126,"column":0},"end":{"line":null,"column":-1}},"loc":{"start":{"line":126,"column":0},"end":{"line":128,"column":0}}},"5":{"name":"onSubmit","decl":{"start":{"line":129,"column":0},"end":{"line":null,"column":-1}},"loc":{"start":{"line":129,"column":0},"end":{"line":145,"column":0}}},"6":{"name":"(anonymous_8)","decl":{"start":{"line":136,"column":0},"end":{"line":null,"column":-1}},"loc":{"start":{"line":136,"column":0},"end":{"line":141,"column":0}}},"7":{"name":"(anonymous_9)","decl":{"start":{"line":141,"column":0},"end":{"line":null,"column":-1}},"loc":{"start":{"line":141,"column":0},"end":{"line":144,"column":0}}},"8":{"name":"uploadListSuccess","decl":{"start":{"line":147,"column":0},"end":{"line":null,"column":-1}},"loc":{"start":{"line":147,"column":0},"end":{"line":150,"column":0}}},"9":{"name":"uploadListError","decl":{"start":{"line":152,"column":0},"end":{"line":null,"column":-1}},"loc":{"start":{"line":152,"column":0},"end":{"line":154,"column":0}}},"10":{"name":"beforeListRemove","decl":{"start":{"line":155,"column":0},"end":{"line":null,"column":-1}},"loc":{"start":{"line":155,"column":0},"end":{"line":157,"column":0}}},"11":{"name":"onSubmits","decl":{"start":{"line":158,"column":0},"end":{"line":null,"column":-1}},"loc":{"start":{"line":158,"column":0},"end":{"line":181,"column":0}}},"12":{"name":"(anonymous_14)","decl":{"start":{"line":172,"column":0},"end":{"line":null,"column":-1}},"loc":{"start":{"line":172,"column":0},"end":{"line":177,"column":0}}},"13":{"name":"(anonymous_15)","decl":{"start":{"line":177,"column":0},"end":{"line":null,"column":-1}},"loc":{"start":{"line":177,"column":0},"end":{"line":180,"column":0}}}},"branchMap":{"0":{"loc":{"start":{"line":138,"column":0},"end":{"line":140,"column":0}},"type":"if","locations":[{"start":{"line":138,"column":0},"end":{"line":140,"column":0}},{"start":{"line":138,"column":0},"end":{"line":140,"column":0}}]},"1":{"loc":{"start":{"line":174,"column":0},"end":{"line":176,"column":0}},"type":"if","locations":[{"start":{"line":174,"column":0},"end":{"line":176,"column":0}},{"start":{"line":174,"column":0},"end":{"line":176,"column":0}}]}},"s":{"0":0,"1":0,"2":0,"3":0,"4":0,"5":0,"6":0,"7":0,"8":0,"9":0,"10":0,"11":0,"12":0,"13":0,"14":0,"15":0,"16":0,"17":0,"18":0,"19":0,"20":0,"21":0,"22":0,"23":0,"24":0,"25":0,"26":0,"27":0,"28":0,"29":0,"30":0,"31":0,"32":0,"33":0,"34":0},"f":{"0":0,"1":0,"2":0,"3":0,"4":0,"5":0,"6":0,"7":0,"8":0,"9":0,"10":0,"11":0,"12":0,"13":0},"b":{"0":[0,0],"1":[0,0]}}
,"C:\\Users\\Administrator\\Desktop\\CosFront\\CosFront\\cosfront\\src\\Backend\\article.vue": {"path":"C:\\Users\\Administrator\\Desktop\\CosFront\\CosFront\\cosfront\\src\\Backend\\article.vue","statementMap":{"0":{"start":{"line":126,"column":0},"end":{"line":null,"column":-1}},"1":{"start":{"line":147,"column":0},"end":{"line":null,"column":-1}},"2":{"start":{"line":148,"column":0},"end":{"line":null,"column":-1}},"3":{"start":{"line":152,"column":0},"end":{"line":null,"column":-1}},"4":{"start":{"line":156,"column":0},"end":{"line":null,"column":-1}},"5":{"start":{"line":157,"column":0},"end":{"line":null,"column":-1}},"6":{"start":{"line":161,"column":0},"end":{"line":null,"column":-1}},"7":{"start":{"line":164,"column":0},"end":{"line":null,"column":-1}},"8":{"start":{"line":165,"column":0},"end":{"line":null,"column":-1}},"9":{"start":{"line":166,"column":0},"end":{"line":null,"column":-1}},"10":{"start":{"line":167,"column":0},"end":{"line":null,"column":-1}},"11":{"start":{"line":168,"column":0},"end":{"line":null,"column":-1}},"12":{"start":{"line":169,"column":0},"end":{"line":null,"column":-1}},"13":{"start":{"line":170,"column":0},"end":{"line":null,"column":-1}},"14":{"start":{"line":171,"column":0},"end":{"line":null,"column":-1}},"15":{"start":{"line":172,"column":0},"end":{"line":null,"column":-1}},"16":{"start":{"line":173,"column":0},"end":{"line":null,"column":-1}},"17":{"start":{"line":174,"column":0},"end":{"line":182,"column":0}},"18":{"start":{"line":176,"column":0},"end":{"line":178,"column":0}},"19":{"start":{"line":177,"column":0},"end":{"line":null,"column":-1}},"20":{"start":{"line":181,"column":0},"end":{"line":null,"column":-1}},"21":{"start":{"line":185,"column":0},"end":{"line":null,"column":-1}},"22":{"start":{"line":186,"column":0},"end":{"line":null,"column":-1}},"23":{"start":{"line":187,"column":0},"end":{"line":null,"column":-1}},"24":{"start":{"line":188,"column":0},"end":{"line":null,"column":-1}},"25":{"start":{"line":189,"column":0},"end":{"line":null,"column":-1}},"26":{"start":{"line":190,"column":0},"end":{"line":null,"column":-1}},"27":{"start":{"line":191,"column":0},"end":{"line":null,"column":-1}},"28":{"start":{"line":192,"column":0},"end":{"line":null,"column":-1}},"29":{"start":{"line":193,"column":0},"end":{"line":201,"column":0}},"30":{"start":{"line":195,"column":0},"end":{"line":197,"column":0}},"31":{"start":{"line":196,"column":0},"end":{"line":null,"column":-1}},"32":{"start":{"line":200,"column":0},"end":{"line":null,"column":-1}},"33":{"start":{"line":204,"column":0},"end":{"line":null,"column":-1}},"34":{"start":{"line":207,"column":0},"end":{"line":null,"column":-1}}},"fnMap":{"0":{"name":"data","decl":{"start":{"line":125,"column":0},"end":{"line":null,"column":-1}},"loc":{"start":{"line":125,"column":0},"end":{"line":143,"column":0}}},"1":{"name":"uploadArticleSuccess","decl":{"start":{"line":146,"column":0},"end":{"line":null,"column":-1}},"loc":{"start":{"line":146,"column":0},"end":{"line":149,"column":0}}},"2":{"name":"uploadArticleError","decl":{"start":{"line":151,"column":0},"end":{"line":null,"column":-1}},"loc":{"start":{"line":151,"column":0},"end":{"line":153,"column":0}}},"3":{"name":"uploadRichSuccess","decl":{"start":{"line":155,"column":0},"end":{"line":null,"column":-1}},"loc":{"start":{"line":155,"column":0},"end":{"line":158,"column":0}}},"4":{"name":"uploadRichError","decl":{"start":{"line":160,"column":0},"end":{"line":null,"column":-1}},"loc":{"start":{"line":160,"column":0},"end":{"line":162,"column":0}}},"5":{"name":"onSubmit","decl":{"start":{"line":163,"column":0},"end":{"line":null,"column":-1}},"loc":{"start":{"line":163,"column":0},"end":{"line":183,"column":0}}},"6":{"name":"(anonymous_7)","decl":{"start":{"line":174,"column":0},"end":{"line":null,"column":-1}},"loc":{"start":{"line":174,"column":0},"end":{"line":179,"column":0}}},"7":{"name":"(anonymous_8)","decl":{"start":{"line":179,"column":0},"end":{"line":null,"column":-1}},"loc":{"start":{"line":179,"column":0},"end":{"line":182,"column":0}}},"8":{"name":"onSubmits","decl":{"start":{"line":184,"column":0},"end":{"line":null,"column":-1}},"loc":{"start":{"line":184,"column":0},"end":{"line":202,"column":0}}},"9":{"name":"(anonymous_10)","decl":{"start":{"line":193,"column":0},"end":{"line":null,"column":-1}},"loc":{"start":{"line":193,"column":0},"end":{"line":198,"column":0}}},"10":{"name":"(anonymous_11)","decl":{"start":{"line":198,"column":0},"end":{"line":null,"column":-1}},"loc":{"start":{"line":198,"column":0},"end":{"line":201,"column":0}}},"11":{"name":"beforeArticleRemove","decl":{"start":{"line":203,"column":0},"end":{"line":null,"column":-1}},"loc":{"start":{"line":203,"column":0},"end":{"line":205,"column":0}}},"12":{"name":"beforeRichRemove","decl":{"start":{"line":206,"column":0},"end":{"line":null,"column":-1}},"loc":{"start":{"line":206,"column":0},"end":{"line":208,"column":0}}}},"branchMap":{"0":{"loc":{"start":{"line":176,"column":0},"end":{"line":178,"column":0}},"type":"if","locations":[{"start":{"line":176,"column":0},"end":{"line":178,"column":0}},{"start":{"line":176,"column":0},"end":{"line":178,"column":0}}]},"1":{"loc":{"start":{"line":195,"column":0},"end":{"line":197,"column":0}},"type":"if","locations":[{"start":{"line":195,"column":0},"end":{"line":197,"column":0}},{"start":{"line":195,"column":0},"end":{"line":197,"column":0}}]}},"s":{"0":0,"1":0,"2":0,"3":0,"4":0,"5":0,"6":0,"7":0,"8":0,"9":0,"10":0,"11":0,"12":0,"13":0,"14":0,"15":0,"16":0,"17":0,"18":0,"19":0,"20":0,"21":0,"22":0,"23":0,"24":0,"25":0,"26":0,"27":0,"28":0,"29":0,"30":0,"31":0,"32":0,"33":0,"34":0},"f":{"0":0,"1":0,"2":0,"3":0,"4":0,"5":0,"6":0,"7":0,"8":0,"9":0,"10":0,"11":0,"12":0},"b":{"0":[0,0],"1":[0,0]}}
,"C:\\Users\\Administrator\\Desktop\\CosFront\\CosFront\\cosfront\\src\\Backend\\articleList.vue": {"path":"C:\\Users\\Administrator\\Desktop\\CosFront\\CosFront\\cosfront\\src\\Backend\\articleList.vue","statementMap":{"0":{"start":{"line":217,"column":0},"end":{"line":null,"column":-1}},"1":{"start":{"line":248,"column":0},"end":{"line":null,"column":-1}},"2":{"start":{"line":249,"column":0},"end":{"line":null,"column":-1}},"3":{"start":{"line":253,"column":0},"end":{"line":null,"column":-1}},"4":{"start":{"line":254,"column":0},"end":{"line":null,"column":-1}},"5":{"start":{"line":257,"column":0},"end":{"line":null,"column":-1}},"6":{"start":{"line":258,"column":0},"end":{"line":null,"column":-1}},"7":{"start":{"line":261,"column":0},"end":{"line":null,"column":-1}},"8":{"start":{"line":262,"column":0},"end":{"line":null,"column":-1}},"9":{"start":{"line":265,"column":0},"end":{"line":null,"column":-1}},"10":{"start":{"line":266,"column":0},"end":{"line":null,"column":-1}},"11":{"start":{"line":269,"column":0},"end":{"line":null,"column":-1}},"12":{"start":{"line":270,"column":0},"end":{"line":null,"column":-1}},"13":{"start":{"line":271,"column":0},"end":{"line":null,"column":-1}},"14":{"start":{"line":272,"column":0},"end":{"line":null,"column":-1}},"15":{"start":{"line":273,"column":0},"end":{"line":282,"column":0}},"16":{"start":{"line":275,"column":0},"end":{"line":278,"column":0}},"17":{"start":{"line":276,"column":0},"end":{"line":null,"column":-1}},"18":{"start":{"line":277,"column":0},"end":{"line":null,"column":-1}},"19":{"start":{"line":281,"column":0},"end":{"line":null,"column":-1}},"20":{"start":{"line":285,"column":0},"end":{"line":null,"column":-1}},"21":{"start":{"line":286,"column":0},"end":{"line":null,"column":-1}},"22":{"start":{"line":287,"column":0},"end":{"line":null,"column":-1}},"23":{"start":{"line":288,"column":0},"end":{"line":null,"column":-1}},"24":{"start":{"line":289,"column":0},"end":{"line":298,"column":0}},"25":{"start":{"line":291,"column":0},"end":{"line":294,"column":0}},"26":{"start":{"line":292,"column":0},"end":{"line":null,"column":-1}},"27":{"start":{"line":293,"column":0},"end":{"line":null,"column":-1}},"28":{"start":{"line":297,"column":0},"end":{"line":null,"column":-1}},"29":{"start":{"line":307,"column":0},"end":{"line":null,"column":-1}},"30":{"start":{"line":310,"column":0},"end":{"line":null,"column":-1}},"31":{"start":{"line":311,"column":0},"end":{"line":null,"column":-1}},"32":{"start":{"line":312,"column":0},"end":{"line":null,"column":-1}},"33":{"start":{"line":313,"column":0},"end":{"line":null,"column":-1}},"34":{"start":{"line":314,"column":0},"end":{"line":null,"column":-1}},"35":{"start":{"line":315,"column":0},"end":{"line":null,"column":-1}},"36":{"start":{"line":321,"column":0},"end":{"line":null,"column":-1}},"37":{"start":{"line":322,"column":0},"end":{"line":null,"column":-1}},"38":{"start":{"line":323,"column":0},"end":{"line":null,"column":-1}},"39":{"start":{"line":324,"column":0},"end":{"line":null,"column":-1}},"40":{"start":{"line":325,"column":0},"end":{"line":null,"column":-1}},"41":{"start":{"line":326,"column":0},"end":{"line":null,"column":-1}},"42":{"start":{"line":327,"column":0},"end":{"line":null,"column":-1}},"43":{"start":{"line":328,"column":0},"end":{"line":null,"column":-1}},"44":{"start":{"line":329,"column":0},"end":{"line":null,"column":-1}},"45":{"start":{"line":330,"column":0},"end":{"line":null,"column":-1}},"46":{"start":{"line":331,"column":0},"end":{"line":null,"column":-1}},"47":{"start":{"line":332,"column":0},"end":{"line":341,"column":0}},"48":{"start":{"line":334,"column":0},"end":{"line":336,"column":0}},"49":{"start":{"line":335,"column":0},"end":{"line":null,"column":-1}},"50":{"start":{"line":337,"column":0},"end":{"line":null,"column":-1}},"51":{"start":{"line":340,"column":0},"end":{"line":null,"column":-1}},"52":{"start":{"line":344,"column":0},"end":{"line":null,"column":-1}},"53":{"start":{"line":345,"column":0},"end":{"line":null,"column":-1}},"54":{"start":{"line":346,"column":0},"end":{"line":null,"column":-1}},"55":{"start":{"line":347,"column":0},"end":{"line":null,"column":-1}},"56":{"start":{"line":350,"column":0},"end":{"line":null,"column":-1}},"57":{"start":{"line":351,"column":0},"end":{"line":null,"column":-1}},"58":{"start":{"line":352,"column":0},"end":{"line":null,"column":-1}},"59":{"start":{"line":353,"column":0},"end":{"line":null,"column":-1}},"60":{"start":{"line":354,"column":0},"end":{"line":null,"column":-1}},"61":{"start":{"line":355,"column":0},"end":{"line":null,"column":-1}},"62":{"start":{"line":356,"column":0},"end":{"line":null,"column":-1}},"63":{"start":{"line":357,"column":0},"end":{"line":null,"column":-1}},"64":{"start":{"line":358,"column":0},"end":{"line":null,"column":-1}},"65":{"start":{"line":359,"column":0},"end":{"line":369,"column":0}},"66":{"start":{"line":361,"column":0},"end":{"line":363,"column":0}},"67":{"start":{"line":362,"column":0},"end":{"line":null,"column":-1}},"68":{"start":{"line":364,"column":0},"end":{"line":null,"column":-1}},"69":{"start":{"line":365,"column":0},"end":{"line":null,"column":-1}},"70":{"start":{"line":368,"column":0},"end":{"line":null,"column":-1}},"71":{"start":{"line":376,"column":0},"end":{"line":null,"column":-1}}},"fnMap":{"0":{"name":"data","decl":{"start":{"line":216,"column":0},"end":{"line":null,"column":-1}},"loc":{"start":{"line":216,"column":0},"end":{"line":246,"column":0}}},"1":{"name":"created","decl":{"start":{"line":247,"column":0},"end":{"line":null,"column":-1}},"loc":{"start":{"line":247,"column":0},"end":{"line":250,"column":0}}},"2":{"name":"ahandleSizeChange","decl":{"start":{"line":252,"column":0},"end":{"line":null,"column":-1}},"loc":{"start":{"line":252,"column":0},"end":{"line":255,"column":0}}},"3":{"name":"ahandleCurrent","decl":{"start":{"line":256,"column":0},"end":{"line":null,"column":-1}},"loc":{"start":{"line":256,"column":0},"end":{"line":259,"column":0}}},"4":{"name":"rhandleSizeChange","decl":{"start":{"line":260,"column":0},"end":{"line":null,"column":-1}},"loc":{"start":{"line":260,"column":0},"end":{"line":263,"column":0}}},"5":{"name":"rhandleCurrent","decl":{"start":{"line":264,"column":0},"end":{"line":null,"column":-1}},"loc":{"start":{"line":264,"column":0},"end":{"line":267,"column":0}}},"6":{"name":"GetArticleList","decl":{"start":{"line":268,"column":0},"end":{"line":null,"column":-1}},"loc":{"start":{"line":268,"column":0},"end":{"line":283,"column":0}}},"7":{"name":"(anonymous_8)","decl":{"start":{"line":273,"column":0},"end":{"line":null,"column":-1}},"loc":{"start":{"line":273,"column":0},"end":{"line":279,"column":0}}},"8":{"name":"(anonymous_9)","decl":{"start":{"line":279,"column":0},"end":{"line":null,"column":-1}},"loc":{"start":{"line":279,"column":0},"end":{"line":282,"column":0}}},"9":{"name":"GetRichArticleList","decl":{"start":{"line":284,"column":0},"end":{"line":null,"column":-1}},"loc":{"start":{"line":284,"column":0},"end":{"line":300,"column":0}}},"10":{"name":"(anonymous_11)","decl":{"start":{"line":289,"column":0},"end":{"line":null,"column":-1}},"loc":{"start":{"line":289,"column":0},"end":{"line":295,"column":0}}},"11":{"name":"(anonymous_12)","decl":{"start":{"line":295,"column":0},"end":{"line":null,"column":-1}},"loc":{"start":{"line":295,"column":0},"end":{"line":298,"column":0}}},"12":{"name":"handleClick","decl":{"start":{"line":303,"column":0},"end":{"line":null,"column":-1}},"loc":{"start":{"line":303,"column":0},"end":{"line":305,"column":0}}},"13":{"name":"handleSelectionChange","decl":{"start":{"line":306,"column":0},"end":{"line":null,"column":-1}},"loc":{"start":{"line":306,"column":0},"end":{"line":308,"column":0}}},"14":{"name":"handleEdit","decl":{"start":{"line":309,"column":0},"end":{"line":null,"column":-1}},"loc":{"start":{"line":309,"column":0},"end":{"line":316,"column":0}}},"15":{"name":"handleDelete","decl":{"start":{"line":317,"column":0},"end":{"line":null,"column":-1}},"loc":{"start":{"line":317,"column":0},"end":{"line":319,"column":0}}},"16":{"name":"EditArticle","decl":{"start":{"line":320,"column":0},"end":{"line":null,"column":-1}},"loc":{"start":{"line":320,"column":0},"end":{"line":342,"column":0}}},"17":{"name":"(anonymous_18)","decl":{"start":{"line":332,"column":0},"end":{"line":null,"column":-1}},"loc":{"start":{"line":332,"column":0},"end":{"line":338,"column":0}}},"18":{"name":"(anonymous_19)","decl":{"start":{"line":338,"column":0},"end":{"line":null,"column":-1}},"loc":{"start":{"line":338,"column":0},"end":{"line":341,"column":0}}},"19":{"name":"handlePaEdit","decl":{"start":{"line":343,"column":0},"end":{"line":null,"column":-1}},"loc":{"start":{"line":343,"column":0},"end":{"line":348,"column":0}}},"20":{"name":"EditRichArticle","decl":{"start":{"line":349,"column":0},"end":{"line":null,"column":-1}},"loc":{"start":{"line":349,"column":0},"end":{"line":370,"column":0}}},"21":{"name":"(anonymous_22)","decl":{"start":{"line":359,"column":0},"end":{"line":null,"column":-1}},"loc":{"start":{"line":359,"column":0},"end":{"line":366,"column":0}}},"22":{"name":"(anonymous_23)","decl":{"start":{"line":366,"column":0},"end":{"line":null,"column":-1}},"loc":{"start":{"line":366,"column":0},"end":{"line":369,"column":0}}},"23":{"name":"handlePaDelete","decl":{"start":{"line":372,"column":0},"end":{"line":null,"column":-1}},"loc":{"start":{"line":372,"column":0},"end":{"line":374,"column":0}}},"24":{"name":"filterTag","decl":{"start":{"line":375,"column":0},"end":{"line":null,"column":-1}},"loc":{"start":{"line":375,"column":0},"end":{"line":377,"column":0}}}},"branchMap":{"0":{"loc":{"start":{"line":275,"column":0},"end":{"line":278,"column":0}},"type":"if","locations":[{"start":{"line":275,"column":0},"end":{"line":278,"column":0}},{"start":{"line":275,"column":0},"end":{"line":278,"column":0}}]},"1":{"loc":{"start":{"line":291,"column":0},"end":{"line":294,"column":0}},"type":"if","locations":[{"start":{"line":291,"column":0},"end":{"line":294,"column":0}},{"start":{"line":291,"column":0},"end":{"line":294,"column":0}}]},"2":{"loc":{"start":{"line":334,"column":0},"end":{"line":336,"column":0}},"type":"if","locations":[{"start":{"line":334,"column":0},"end":{"line":336,"column":0}},{"start":{"line":334,"column":0},"end":{"line":336,"column":0}}]},"3":{"loc":{"start":{"line":361,"column":0},"end":{"line":363,"column":0}},"type":"if","locations":[{"start":{"line":361,"column":0},"end":{"line":363,"column":0}},{"start":{"line":361,"column":0},"end":{"line":363,"column":0}}]}},"s":{"0":0,"1":0,"2":0,"3":0,"4":0,"5":0,"6":0,"7":0,"8":0,"9":0,"10":0,"11":0,"12":0,"13":0,"14":0,"15":0,"16":0,"17":0,"18":0,"19":0,"20":0,"21":0,"22":0,"23":0,"24":0,"25":0,"26":0,"27":0,"28":0,"29":0,"30":0,"31":0,"32":0,"33":0,"34":0,"35":0,"36":0,"37":0,"38":0,"39":0,"40":0,"41":0,"42":0,"43":0,"44":0,"45":0,"46":0,"47":0,"48":0,"49":0,"50":0,"51":0,"52":0,"53":0,"54":0,"55":0,"56":0,"57":0,"58":0,"59":0,"60":0,"61":0,"62":0,"63":0,"64":0,"65":0,"66":0,"67":0,"68":0,"69":0,"70":0,"71":0},"f":{"0":0,"1":0,"2":0,"3":0,"4":0,"5":0,"6":0,"7":0,"8":0,"9":0,"10":0,"11":0,"12":0,"13":0,"14":0,"15":0,"16":0,"17":0,"18":0,"19":0,"20":0,"21":0,"22":0,"23":0,"24":0},"b":{"0":[0,0],"1":[0,0],"2":[0,0],"3":[0,0]}}
,"C:\\Users\\Administrator\\Desktop\\CosFront\\CosFront\\cosfront\\src\\Backend\\mail.vue": {"path":"C:\\Users\\Administrator\\Desktop\\CosFront\\CosFront\\cosfront\\src\\Backend\\mail.vue","statementMap":{"0":{"start":{"line":80,"column":0},"end":{"line":null,"column":-1}},"1":{"start":{"line":89,"column":0},"end":{"line":null,"column":-1}},"2":{"start":{"line":96,"column":0},"end":{"line":null,"column":-1}},"3":{"start":{"line":97,"column":0},"end":{"line":null,"column":-1}},"4":{"start":{"line":100,"column":0},"end":{"line":null,"column":-1}},"5":{"start":{"line":101,"column":0},"end":{"line":null,"column":-1}},"6":{"start":{"line":104,"column":0},"end":{"line":null,"column":-1}},"7":{"start":{"line":105,"column":0},"end":{"line":null,"column":-1}},"8":{"start":{"line":106,"column":0},"end":{"line":null,"column":-1}},"9":{"start":{"line":107,"column":0},"end":{"line":116,"column":0}},"10":{"start":{"line":109,"column":0},"end":{"line":112,"column":0}},"11":{"start":{"line":110,"column":0},"end":{"line":null,"column":-1}},"12":{"start":{"line":111,"column":0},"end":{"line":null,"column":-1}},"13":{"start":{"line":115,"column":0},"end":{"line":null,"column":-1}},"14":{"start":{"line":119,"column":0},"end":{"line":null,"column":-1}},"15":{"start":{"line":120,"column":0},"end":{"line":null,"column":-1}},"16":{"start":{"line":121,"column":0},"end":{"line":null,"column":-1}},"17":{"start":{"line":122,"column":0},"end":{"line":null,"column":-1}},"18":{"start":{"line":123,"column":0},"end":{"line":133,"column":0}},"19":{"start":{"line":125,"column":0},"end":{"line":129,"column":0}},"20":{"start":{"line":126,"column":0},"end":{"line":null,"column":-1}},"21":{"start":{"line":127,"column":0},"end":{"line":null,"column":-1}},"22":{"start":{"line":128,"column":0},"end":{"line":null,"column":-1}},"23":{"start":{"line":132,"column":0},"end":{"line":null,"column":-1}}},"fnMap":{"0":{"name":"data","decl":{"start":{"line":79,"column":0},"end":{"line":null,"column":-1}},"loc":{"start":{"line":79,"column":0},"end":{"line":87,"column":0}}},"1":{"name":"created","decl":{"start":{"line":88,"column":0},"end":{"line":null,"column":-1}},"loc":{"start":{"line":88,"column":0},"end":{"line":90,"column":0}}},"2":{"name":"handleClick","decl":{"start":{"line":92,"column":0},"end":{"line":null,"column":-1}},"loc":{"start":{"line":92,"column":0},"end":{"line":94,"column":0}}},"3":{"name":"handleSizeChange","decl":{"start":{"line":95,"column":0},"end":{"line":null,"column":-1}},"loc":{"start":{"line":95,"column":0},"end":{"line":98,"column":0}}},"4":{"name":"handleCurrent","decl":{"start":{"line":99,"column":0},"end":{"line":null,"column":-1}},"loc":{"start":{"line":99,"column":0},"end":{"line":102,"column":0}}},"5":{"name":"handleDelete","decl":{"start":{"line":103,"column":0},"end":{"line":null,"column":-1}},"loc":{"start":{"line":103,"column":0},"end":{"line":117,"column":0}}},"6":{"name":"(anonymous_7)","decl":{"start":{"line":107,"column":0},"end":{"line":null,"column":-1}},"loc":{"start":{"line":107,"column":0},"end":{"line":113,"column":0}}},"7":{"name":"(anonymous_8)","decl":{"start":{"line":113,"column":0},"end":{"line":null,"column":-1}},"loc":{"start":{"line":113,"column":0},"end":{"line":116,"column":0}}},"8":{"name":"GetMailList","decl":{"start":{"line":118,"column":0},"end":{"line":null,"column":-1}},"loc":{"start":{"line":118,"column":0},"end":{"line":134,"column":0}}},"9":{"name":"(anonymous_10)","decl":{"start":{"line":123,"column":0},"end":{"line":null,"column":-1}},"loc":{"start":{"line":123,"column":0},"end":{"line":130,"column":0}}},"10":{"name":"(anonymous_11)","decl":{"start":{"line":130,"column":0},"end":{"line":null,"column":-1}},"loc":{"start":{"line":130,"column":0},"end":{"line":133,"column":0}}}},"branchMap":{"0":{"loc":{"start":{"line":109,"column":0},"end":{"line":112,"column":0}},"type":"if","locations":[{"start":{"line":109,"column":0},"end":{"line":112,"column":0}},{"start":{"line":109,"column":0},"end":{"line":112,"column":0}}]},"1":{"loc":{"start":{"line":125,"column":0},"end":{"line":129,"column":0}},"type":"if","locations":[{"start":{"line":125,"column":0},"end":{"line":129,"column":0}},{"start":{"line":125,"column":0},"end":{"line":129,"column":0}}]}},"s":{"0":0,"1":0,"2":0,"3":0,"4":0,"5":0,"6":0,"7":0,"8":0,"9":0,"10":0,"11":0,"12":0,"13":0,"14":0,"15":0,"16":0,"17":0,"18":0,"19":0,"20":0,"21":0,"22":0,"23":0},"f":{"0":0,"1":0,"2":0,"3":0,"4":0,"5":0,"6":0,"7":0,"8":0,"9":0,"10":0},"b":{"0":[0,0],"1":[0,0]}}
,"C:\\Users\\Administrator\\Desktop\\CosFront\\CosFront\\cosfront\\src\\Backend\\scrollList.vue": {"path":"C:\\Users\\Administrator\\Desktop\\CosFront\\CosFront\\cosfront\\src\\Backend\\scrollList.vue","statementMap":{"0":{"start":{"line":81,"column":0},"end":{"line":null,"column":-1}},"1":{"start":{"line":90,"column":0},"end":{"line":null,"column":-1}},"2":{"start":{"line":97,"column":0},"end":{"line":null,"column":-1}},"3":{"start":{"line":98,"column":0},"end":{"line":null,"column":-1}},"4":{"start":{"line":101,"column":0},"end":{"line":null,"column":-1}},"5":{"start":{"line":102,"column":0},"end":{"line":null,"column":-1}},"6":{"start":{"line":105,"column":0},"end":{"line":null,"column":-1}},"7":{"start":{"line":106,"column":0},"end":{"line":null,"column":-1}},"8":{"start":{"line":107,"column":0},"end":{"line":null,"column":-1}},"9":{"start":{"line":108,"column":0},"end":{"line":null,"column":-1}},"10":{"start":{"line":109,"column":0},"end":{"line":118,"column":0}},"11":{"start":{"line":111,"column":0},"end":{"line":114,"column":0}},"12":{"start":{"line":112,"column":0},"end":{"line":null,"column":-1}},"13":{"start":{"line":113,"column":0},"end":{"line":null,"column":-1}},"14":{"start":{"line":117,"column":0},"end":{"line":null,"column":-1}},"15":{"start":{"line":121,"column":0},"end":{"line":null,"column":-1}},"16":{"start":{"line":122,"column":0},"end":{"line":null,"column":-1}},"17":{"start":{"line":123,"column":0},"end":{"line":null,"column":-1}},"18":{"start":{"line":124,"column":0},"end":{"line":132,"column":0}},"19":{"start":{"line":126,"column":0},"end":{"line":128,"column":0}},"20":{"start":{"line":127,"column":0},"end":{"line":null,"column":-1}},"21":{"start":{"line":131,"column":0},"end":{"line":null,"column":-1}}},"fnMap":{"0":{"name":"data","decl":{"start":{"line":80,"column":0},"end":{"line":null,"column":-1}},"loc":{"start":{"line":80,"column":0},"end":{"line":88,"column":0}}},"1":{"name":"created","decl":{"start":{"line":89,"column":0},"end":{"line":null,"column":-1}},"loc":{"start":{"line":89,"column":0},"end":{"line":91,"column":0}}},"2":{"name":"handleClick","decl":{"start":{"line":93,"column":0},"end":{"line":null,"column":-1}},"loc":{"start":{"line":93,"column":0},"end":{"line":95,"column":0}}},"3":{"name":"handleSizeChange","decl":{"start":{"line":96,"column":0},"end":{"line":null,"column":-1}},"loc":{"start":{"line":96,"column":0},"end":{"line":99,"column":0}}},"4":{"name":"handleCurrent","decl":{"start":{"line":100,"column":0},"end":{"line":null,"column":-1}},"loc":{"start":{"line":100,"column":0},"end":{"line":103,"column":0}}},"5":{"name":"GetSrcList","decl":{"start":{"line":104,"column":0},"end":{"line":null,"column":-1}},"loc":{"start":{"line":104,"column":0},"end":{"line":119,"column":0}}},"6":{"name":"(anonymous_7)","decl":{"start":{"line":109,"column":0},"end":{"line":null,"column":-1}},"loc":{"start":{"line":109,"column":0},"end":{"line":115,"column":0}}},"7":{"name":"(anonymous_8)","decl":{"start":{"line":115,"column":0},"end":{"line":null,"column":-1}},"loc":{"start":{"line":115,"column":0},"end":{"line":118,"column":0}}},"8":{"name":"handleDelete","decl":{"start":{"line":120,"column":0},"end":{"line":null,"column":-1}},"loc":{"start":{"line":120,"column":0},"end":{"line":134,"column":0}}},"9":{"name":"(anonymous_10)","decl":{"start":{"line":124,"column":0},"end":{"line":null,"column":-1}},"loc":{"start":{"line":124,"column":0},"end":{"line":129,"column":0}}},"10":{"name":"(anonymous_11)","decl":{"start":{"line":129,"column":0},"end":{"line":null,"column":-1}},"loc":{"start":{"line":129,"column":0},"end":{"line":132,"column":0}}}},"branchMap":{"0":{"loc":{"start":{"line":111,"column":0},"end":{"line":114,"column":0}},"type":"if","locations":[{"start":{"line":111,"column":0},"end":{"line":114,"column":0}},{"start":{"line":111,"column":0},"end":{"line":114,"column":0}}]},"1":{"loc":{"start":{"line":126,"column":0},"end":{"line":128,"column":0}},"type":"if","locations":[{"start":{"line":126,"column":0},"end":{"line":128,"column":0}},{"start":{"line":126,"column":0},"end":{"line":128,"column":0}}]}},"s":{"0":0,"1":0,"2":0,"3":0,"4":0,"5":0,"6":0,"7":0,"8":0,"9":0,"10":0,"11":0,"12":0,"13":0,"14":0,"15":0,"16":0,"17":0,"18":0,"19":0,"20":0,"21":0},"f":{"0":0,"1":0,"2":0,"3":0,"4":0,"5":0,"6":0,"7":0,"8":0,"9":0,"10":0},"b":{"0":[0,0],"1":[0,0]}}
,"C:\\Users\\Administrator\\Desktop\\CosFront\\CosFront\\cosfront\\src\\Front\\Detail.vue": {"path":"C:\\Users\\Administrator\\Desktop\\CosFront\\CosFront\\cosfront\\src\\Front\\Detail.vue","statementMap":{"0":{"start":{"line":31,"column":0},"end":{"line":null,"column":-1}},"1":{"start":{"line":40,"column":0},"end":{"line":null,"column":-1}},"2":{"start":{"line":41,"column":0},"end":{"line":null,"column":-1}},"3":{"start":{"line":42,"column":0},"end":{"line":null,"column":-1}},"4":{"start":{"line":43,"column":0},"end":{"line":null,"column":-1}},"5":{"start":{"line":44,"column":0},"end":{"line":null,"column":-1}}},"fnMap":{"0":{"name":"data","decl":{"start":{"line":30,"column":0},"end":{"line":null,"column":-1}},"loc":{"start":{"line":30,"column":0},"end":{"line":38,"column":0}}},"1":{"name":"created","decl":{"start":{"line":39,"column":0},"end":{"line":null,"column":-1}},"loc":{"start":{"line":39,"column":0},"end":{"line":45,"column":0}}}},"branchMap":{},"s":{"0":0,"1":0,"2":0,"3":0,"4":0,"5":0},"f":{"0":0,"1":0},"b":{}}
,"C:\\Users\\Administrator\\Desktop\\CosFront\\CosFront\\cosfront\\src\\Front\\FLayout.vue": {"path":"C:\\Users\\Administrator\\Desktop\\CosFront\\CosFront\\cosfront\\src\\Front\\FLayout.vue","statementMap":{"0":{"start":{"line":48,"column":0},"end":{"line":null,"column":-1}}},"fnMap":{"0":{"name":"data","decl":{"start":{"line":47,"column":0},"end":{"line":null,"column":-1}},"loc":{"start":{"line":47,"column":0},"end":{"line":51,"column":0}}},"1":{"name":"created","decl":{"start":{"line":52,"column":0},"end":{"line":null,"column":-1}},"loc":{"start":{"line":52,"column":0},"end":{"line":null,"column":-1}}}},"branchMap":{},"s":{"0":0},"f":{"0":0,"1":0},"b":{}}
,"C:\\Users\\Administrator\\Desktop\\CosFront\\CosFront\\cosfront\\src\\Front\\Home.vue": {"path":"C:\\Users\\Administrator\\Desktop\\CosFront\\CosFront\\cosfront\\src\\Front\\Home.vue","statementMap":{"0":{"start":{"line":92,"column":0},"end":{"line":null,"column":-1}},"1":{"start":{"line":100,"column":0},"end":{"line":null,"column":-1}},"2":{"start":{"line":101,"column":0},"end":{"line":109,"column":0}},"3":{"start":{"line":103,"column":0},"end":{"line":null,"column":-1}},"4":{"start":{"line":104,"column":0},"end":{"line":null,"column":-1}},"5":{"start":{"line":105,"column":0},"end":{"line":null,"column":-1}},"6":{"start":{"line":106,"column":0},"end":{"line":null,"column":-1}},"7":{"start":{"line":108,"column":0},"end":{"line":null,"column":-1}},"8":{"start":{"line":113,"column":0},"end":{"line":null,"column":-1}},"9":{"start":{"line":114,"column":0},"end":{"line":null,"column":-1}},"10":{"start":{"line":117,"column":0},"end":{"line":null,"column":-1}},"11":{"start":{"line":118,"column":0},"end":{"line":null,"column":-1}},"12":{"start":{"line":119,"column":0},"end":{"line":null,"column":-1}},"13":{"start":{"line":120,"column":0},"end":{"line":null,"column":-1}},"14":{"start":{"line":123,"column":0},"end":{"line":null,"column":-1}},"15":{"start":{"line":124,"column":0},"end":{"line":null,"column":-1}},"16":{"start":{"line":125,"column":0},"end":{"line":null,"column":-1}},"17":{"start":{"line":126,"column":0},"end":{"line":null,"column":-1}},"18":{"start":{"line":130,"column":0},"end":{"line":null,"column":-1}},"19":{"start":{"line":131,"column":0},"end":{"line":null,"column":-1}},"20":{"start":{"line":132,"column":0},"end":{"line":null,"column":-1}},"21":{"start":{"line":133,"column":0},"end":{"line":null,"column":-1}}},"fnMap":{"0":{"name":"data","decl":{"start":{"line":91,"column":0},"end":{"line":null,"column":-1}},"loc":{"start":{"line":91,"column":0},"end":{"line":98,"column":0}}},"1":{"name":"created","decl":{"start":{"line":99,"column":0},"end":{"line":null,"column":-1}},"loc":{"start":{"line":99,"column":0},"end":{"line":110,"column":0}}},"2":{"name":"(anonymous_3)","decl":{"start":{"line":101,"column":0},"end":{"line":null,"column":-1}},"loc":{"start":{"line":101,"column":0},"end":{"line":107,"column":0}}},"3":{"name":"(anonymous_4)","decl":{"start":{"line":107,"column":0},"end":{"line":null,"column":-1}},"loc":{"start":{"line":107,"column":0},"end":{"line":109,"column":0}}},"4":{"name":"GetSrcList","decl":{"start":{"line":112,"column":0},"end":{"line":null,"column":-1}},"loc":{"start":{"line":112,"column":0},"end":{"line":115,"column":0}}},"5":{"name":"GetArticleList","decl":{"start":{"line":116,"column":0},"end":{"line":null,"column":-1}},"loc":{"start":{"line":116,"column":0},"end":{"line":121,"column":0}}},"6":{"name":"GetRich","decl":{"start":{"line":122,"column":0},"end":{"line":null,"column":-1}},"loc":{"start":{"line":122,"column":0},"end":{"line":128,"column":0}}},"7":{"name":"GetRichArticleList","decl":{"start":{"line":129,"column":0},"end":{"line":null,"column":-1}},"loc":{"start":{"line":129,"column":0},"end":{"line":134,"column":0}}}},"branchMap":{},"s":{"0":0,"1":0,"2":0,"3":0,"4":0,"5":0,"6":0,"7":0,"8":0,"9":0,"10":0,"11":0,"12":0,"13":0,"14":0,"15":0,"16":0,"17":0,"18":0,"19":0,"20":0,"21":0},"f":{"0":0,"1":0,"2":0,"3":0,"4":0,"5":0,"6":0,"7":0},"b":{}}
,"C:\\Users\\Administrator\\Desktop\\CosFront\\CosFront\\cosfront\\src\\Front\\Mail.vue": {"path":"C:\\Users\\Administrator\\Desktop\\CosFront\\CosFront\\cosfront\\src\\Front\\Mail.vue","statementMap":{"0":{"start":{"line":84,"column":0},"end":{"line":null,"column":-1}},"1":{"start":{"line":85,"column":0},"end":{"line":null,"column":-1}},"2":{"start":{"line":86,"column":0},"end":{"line":null,"column":-1}},"3":{"start":{"line":87,"column":0},"end":{"line":null,"column":-1}},"4":{"start":{"line":88,"column":0},"end":{"line":null,"column":-1}},"5":{"start":{"line":89,"column":0},"end":{"line":null,"column":-1}},"6":{"start":{"line":101,"column":0},"end":{"line":null,"column":-1}},"7":{"start":{"line":129,"column":0},"end":{"line":null,"column":-1}},"8":{"start":{"line":130,"column":0},"end":{"line":null,"column":-1}},"9":{"start":{"line":131,"column":0},"end":{"line":null,"column":-1}},"10":{"start":{"line":132,"column":0},"end":{"line":null,"column":-1}},"11":{"start":{"line":133,"column":0},"end":{"line":null,"column":-1}},"12":{"start":{"line":134,"column":0},"end":{"line":null,"column":-1}},"13":{"start":{"line":135,"column":0},"end":{"line":143,"column":0}},"14":{"start":{"line":137,"column":0},"end":{"line":139,"column":0}},"15":{"start":{"line":138,"column":0},"end":{"line":null,"column":-1}},"16":{"start":{"line":142,"column":0},"end":{"line":null,"column":-1}}},"fnMap":{"0":{"name":"data","decl":{"start":{"line":100,"column":0},"end":{"line":null,"column":-1}},"loc":{"start":{"line":100,"column":0},"end":{"line":126,"column":0}}},"1":{"name":"submitForm","decl":{"start":{"line":128,"column":0},"end":{"line":null,"column":-1}},"loc":{"start":{"line":128,"column":0},"end":{"line":144,"column":0}}},"2":{"name":"(anonymous_4)","decl":{"start":{"line":135,"column":0},"end":{"line":null,"column":-1}},"loc":{"start":{"line":135,"column":0},"end":{"line":140,"column":0}}},"3":{"name":"(anonymous_5)","decl":{"start":{"line":140,"column":0},"end":{"line":null,"column":-1}},"loc":{"start":{"line":140,"column":0},"end":{"line":143,"column":0}}}},"branchMap":{"0":{"loc":{"start":{"line":137,"column":0},"end":{"line":139,"column":0}},"type":"if","locations":[{"start":{"line":137,"column":0},"end":{"line":139,"column":0}},{"start":{"line":137,"column":0},"end":{"line":139,"column":0}}]}},"s":{"0":0,"1":0,"2":0,"3":0,"4":0,"5":0,"6":0,"7":0,"8":0,"9":0,"10":0,"11":0,"12":0,"13":0,"14":0,"15":0,"16":0},"f":{"0":0,"1":0,"2":0,"3":0},"b":{"0":[0,0]}}
,"C:\\Users\\Administrator\\Desktop\\CosFront\\CosFront\\cosfront\\src\\components\\HelloWorld.vue": {"path":"C:\\Users\\Administrator\\Desktop\\CosFront\\CosFront\\cosfront\\src\\components\\HelloWorld.vue","statementMap":{"0":{"start":{"line":90,"column":0},"end":{"line":null,"column":-1}}},"fnMap":{"0":{"name":"data","decl":{"start":{"line":89,"column":0},"end":{"line":null,"column":-1}},"loc":{"start":{"line":89,"column":0},"end":{"line":93,"column":0}}}},"branchMap":{},"s":{"0":0},"f":{"0":0},"b":{}}
}
