TN:
SF:C:\Users\Administrator\Desktop\CosFront\CosFront\cosfront\src\Backend\Layout.vue
FN:58,data
FN:64,created
FN:68,logout
FN:70,(anonymous_4)
FN:80,(anonymous_5)
FNF:5
FNH:0
FNDA:0,data
FNDA:0,created
FNDA:0,logout
FNDA:0,(anonymous_4)
FNDA:0,(anonymous_5)
DA:59,0
DA:65,0
DA:69,0
DA:70,0
DA:72,0
DA:73,0
DA:74,0
DA:78,0
DA:81,0
DA:82,0
LF:10
LH:0
BRDA:73,0,0,0
BRDA:73,0,1,0
BRF:2
BRH:0
end_of_record
TN:
SF:C:\Users\Administrator\Desktop\CosFront\CosFront\cosfront\src\Backend\Login.vue
FN:87,data
FN:106,created
FN:109,submitForm
FN:112,(anonymous_4)
FN:117,(anonymous_5)
FN:132,(anonymous_6)
FNF:6
FNH:0
FNDA:0,data
FNDA:0,created
FNDA:0,submitForm
FNDA:0,(anonymous_4)
FNDA:0,(anonymous_5)
FNDA:0,(anonymous_6)
DA:88,0
DA:110,0
DA:111,0
DA:112,0
DA:113,0
DA:114,0
DA:115,0
DA:116,0
DA:117,0
DA:119,0
DA:120,0
DA:121,0
DA:122,0
DA:126,0
DA:130,0
DA:133,0
DA:134,0
DA:137,0
LF:18
LH:0
BRDA:113,0,0,0
BRDA:113,0,1,0
BRDA:120,1,0,0
BRDA:120,1,1,0
BRF:4
BRH:0
end_of_record
TN:
SF:C:\Users\Administrator\Desktop\CosFront\CosFront\cosfront\src\Backend\Register.vue
FN:95,data
FN:96,validatePass
FN:129,submitForm
FN:132,(anonymous_4)
FN:138,(anonymous_5)
FN:153,(anonymous_6)
FNF:6
FNH:0
FNDA:0,data
FNDA:0,validatePass
FNDA:0,submitForm
FNDA:0,(anonymous_4)
FNDA:0,(anonymous_5)
FNDA:0,(anonymous_6)
DA:95,0
DA:96,0
DA:97,0
DA:98,0
DA:99,0
DA:100,0
DA:102,0
DA:105,0
DA:130,0
DA:131,0
DA:132,0
DA:133,0
DA:134,0
DA:135,0
DA:136,0
DA:137,0
DA:138,0
DA:140,0
DA:141,0
DA:142,0
DA:143,0
DA:147,0
DA:151,0
DA:154,0
DA:155,0
DA:158,0
LF:26
LH:0
BRDA:97,0,0,0
BRDA:97,0,1,0
BRDA:99,1,0,0
BRDA:99,1,1,0
BRDA:133,2,0,0
BRDA:133,2,1,0
BRDA:141,3,0,0
BRDA:141,3,1,0
BRF:8
BRH:0
end_of_record
TN:
SF:C:\Users\Administrator\Desktop\CosFront\CosFront\cosfront\src\Backend\Scroll.vue
FN:97,data
FN:114,handleClick
FN:118,uploadSuccess
FN:123,uploadError
FN:126,beforeRemove
FN:129,onSubmit
FN:136,(anonymous_8)
FN:141,(anonymous_9)
FN:147,uploadListSuccess
FN:152,uploadListError
FN:155,beforeListRemove
FN:158,onSubmits
FN:172,(anonymous_14)
FN:177,(anonymous_15)
FNF:14
FNH:0
FNDA:0,data
FNDA:0,handleClick
FNDA:0,uploadSuccess
FNDA:0,uploadError
FNDA:0,beforeRemove
FNDA:0,onSubmit
FNDA:0,(anonymous_8)
FNDA:0,(anonymous_9)
FNDA:0,uploadListSuccess
FNDA:0,uploadListError
FNDA:0,beforeListRemove
FNDA:0,onSubmits
FNDA:0,(anonymous_14)
FNDA:0,(anonymous_15)
DA:98,0
DA:119,0
DA:120,0
DA:124,0
DA:127,0
DA:130,0
DA:131,0
DA:132,0
DA:133,0
DA:134,0
DA:135,0
DA:136,0
DA:138,0
DA:139,0
DA:143,0
DA:148,0
DA:149,0
DA:153,0
DA:156,0
DA:159,0
DA:160,0
DA:161,0
DA:162,0
DA:163,0
DA:164,0
DA:165,0
DA:166,0
DA:167,0
DA:168,0
DA:170,0
DA:171,0
DA:172,0
DA:174,0
DA:175,0
DA:179,0
LF:35
LH:0
BRDA:138,0,0,0
BRDA:138,0,1,0
BRDA:174,1,0,0
BRDA:174,1,1,0
BRF:4
BRH:0
end_of_record
TN:
SF:C:\Users\Administrator\Desktop\CosFront\CosFront\cosfront\src\Backend\article.vue
FN:125,data
FN:146,uploadArticleSuccess
FN:151,uploadArticleError
FN:155,uploadRichSuccess
FN:160,uploadRichError
FN:163,onSubmit
FN:174,(anonymous_7)
FN:179,(anonymous_8)
FN:184,onSubmits
FN:193,(anonymous_10)
FN:198,(anonymous_11)
FN:203,beforeArticleRemove
FN:206,beforeRichRemove
FNF:13
FNH:0
FNDA:0,data
FNDA:0,uploadArticleSuccess
FNDA:0,uploadArticleError
FNDA:0,uploadRichSuccess
FNDA:0,uploadRichError
FNDA:0,onSubmit
FNDA:0,(anonymous_7)
FNDA:0,(anonymous_8)
FNDA:0,onSubmits
FNDA:0,(anonymous_10)
FNDA:0,(anonymous_11)
FNDA:0,beforeArticleRemove
FNDA:0,beforeRichRemove
DA:126,0
DA:147,0
DA:148,0
DA:152,0
DA:156,0
DA:157,0
DA:161,0
DA:164,0
DA:165,0
DA:166,0
DA:167,0
DA:168,0
DA:169,0
DA:170,0
DA:171,0
DA:172,0
DA:173,0
DA:174,0
DA:176,0
DA:177,0
DA:181,0
DA:185,0
DA:186,0
DA:187,0
DA:188,0
DA:189,0
DA:190,0
DA:191,0
DA:192,0
DA:193,0
DA:195,0
DA:196,0
DA:200,0
DA:204,0
DA:207,0
LF:35
LH:0
BRDA:176,0,0,0
BRDA:176,0,1,0
BRDA:195,1,0,0
BRDA:195,1,1,0
BRF:4
BRH:0
end_of_record
TN:
SF:C:\Users\Administrator\Desktop\CosFront\CosFront\cosfront\src\Backend\articleList.vue
FN:216,data
FN:247,created
FN:252,ahandleSizeChange
FN:256,ahandleCurrent
FN:260,rhandleSizeChange
FN:264,rhandleCurrent
FN:268,GetArticleList
FN:273,(anonymous_8)
FN:279,(anonymous_9)
FN:284,GetRichArticleList
FN:289,(anonymous_11)
FN:295,(anonymous_12)
FN:303,handleClick
FN:306,handleSelectionChange
FN:309,handleEdit
FN:317,handleDelete
FN:320,EditArticle
FN:332,(anonymous_18)
FN:338,(anonymous_19)
FN:343,handlePaEdit
FN:349,EditRichArticle
FN:359,(anonymous_22)
FN:366,(anonymous_23)
FN:372,handlePaDelete
FN:375,filterTag
FNF:25
FNH:0
FNDA:0,data
FNDA:0,created
FNDA:0,ahandleSizeChange
FNDA:0,ahandleCurrent
FNDA:0,rhandleSizeChange
FNDA:0,rhandleCurrent
FNDA:0,GetArticleList
FNDA:0,(anonymous_8)
FNDA:0,(anonymous_9)
FNDA:0,GetRichArticleList
FNDA:0,(anonymous_11)
FNDA:0,(anonymous_12)
FNDA:0,handleClick
FNDA:0,handleSelectionChange
FNDA:0,handleEdit
FNDA:0,handleDelete
FNDA:0,EditArticle
FNDA:0,(anonymous_18)
FNDA:0,(anonymous_19)
FNDA:0,handlePaEdit
FNDA:0,EditRichArticle
FNDA:0,(anonymous_22)
FNDA:0,(anonymous_23)
FNDA:0,handlePaDelete
FNDA:0,filterTag
DA:217,0
DA:248,0
DA:249,0
DA:253,0
DA:254,0
DA:257,0
DA:258,0
DA:261,0
DA:262,0
DA:265,0
DA:266,0
DA:269,0
DA:270,0
DA:271,0
DA:272,0
DA:273,0
DA:275,0
DA:276,0
DA:277,0
DA:281,0
DA:285,0
DA:286,0
DA:287,0
DA:288,0
DA:289,0
DA:291,0
DA:292,0
DA:293,0
DA:297,0
DA:307,0
DA:310,0
DA:311,0
DA:312,0
DA:313,0
DA:314,0
DA:315,0
DA:321,0
DA:322,0
DA:323,0
DA:324,0
DA:325,0
DA:326,0
DA:327,0
DA:328,0
DA:329,0
DA:330,0
DA:331,0
DA:332,0
DA:334,0
DA:335,0
DA:337,0
DA:340,0
DA:344,0
DA:345,0
DA:346,0
DA:347,0
DA:350,0
DA:351,0
DA:352,0
DA:353,0
DA:354,0
DA:355,0
DA:356,0
DA:357,0
DA:358,0
DA:359,0
DA:361,0
DA:362,0
DA:364,0
DA:365,0
DA:368,0
DA:376,0
LF:72
LH:0
BRDA:275,0,0,0
BRDA:275,0,1,0
BRDA:291,1,0,0
BRDA:291,1,1,0
BRDA:334,2,0,0
BRDA:334,2,1,0
BRDA:361,3,0,0
BRDA:361,3,1,0
BRF:8
BRH:0
end_of_record
TN:
SF:C:\Users\Administrator\Desktop\CosFront\CosFront\cosfront\src\Backend\mail.vue
FN:79,data
FN:88,created
FN:92,handleClick
FN:95,handleSizeChange
FN:99,handleCurrent
FN:103,handleDelete
FN:107,(anonymous_7)
FN:113,(anonymous_8)
FN:118,GetMailList
FN:123,(anonymous_10)
FN:130,(anonymous_11)
FNF:11
FNH:0
FNDA:0,data
FNDA:0,created
FNDA:0,handleClick
FNDA:0,handleSizeChange
FNDA:0,handleCurrent
FNDA:0,handleDelete
FNDA:0,(anonymous_7)
FNDA:0,(anonymous_8)
FNDA:0,GetMailList
FNDA:0,(anonymous_10)
FNDA:0,(anonymous_11)
DA:80,0
DA:89,0
DA:96,0
DA:97,0
DA:100,0
DA:101,0
DA:104,0
DA:105,0
DA:106,0
DA:107,0
DA:109,0
DA:110,0
DA:111,0
DA:115,0
DA:119,0
DA:120,0
DA:121,0
DA:122,0
DA:123,0
DA:125,0
DA:126,0
DA:127,0
DA:128,0
DA:132,0
LF:24
LH:0
BRDA:109,0,0,0
BRDA:109,0,1,0
BRDA:125,1,0,0
BRDA:125,1,1,0
BRF:4
BRH:0
end_of_record
TN:
SF:C:\Users\Administrator\Desktop\CosFront\CosFront\cosfront\src\Backend\scrollList.vue
FN:80,data
FN:89,created
FN:93,handleClick
FN:96,handleSizeChange
FN:100,handleCurrent
FN:104,GetSrcList
FN:109,(anonymous_7)
FN:115,(anonymous_8)
FN:120,handleDelete
FN:124,(anonymous_10)
FN:129,(anonymous_11)
FNF:11
FNH:0
FNDA:0,data
FNDA:0,created
FNDA:0,handleClick
FNDA:0,handleSizeChange
FNDA:0,handleCurrent
FNDA:0,GetSrcList
FNDA:0,(anonymous_7)
FNDA:0,(anonymous_8)
FNDA:0,handleDelete
FNDA:0,(anonymous_10)
FNDA:0,(anonymous_11)
DA:81,0
DA:90,0
DA:97,0
DA:98,0
DA:101,0
DA:102,0
DA:105,0
DA:106,0
DA:107,0
DA:108,0
DA:109,0
DA:111,0
DA:112,0
DA:113,0
DA:117,0
DA:121,0
DA:122,0
DA:123,0
DA:124,0
DA:126,0
DA:127,0
DA:131,0
LF:22
LH:0
BRDA:111,0,0,0
BRDA:111,0,1,0
BRDA:126,1,0,0
BRDA:126,1,1,0
BRF:4
BRH:0
end_of_record
TN:
SF:C:\Users\Administrator\Desktop\CosFront\CosFront\cosfront\src\Front\Detail.vue
FN:30,data
FN:39,created
FNF:2
FNH:0
FNDA:0,data
FNDA:0,created
DA:31,0
DA:40,0
DA:41,0
DA:42,0
DA:43,0
DA:44,0
LF:6
LH:0
BRF:0
BRH:0
end_of_record
TN:
SF:C:\Users\Administrator\Desktop\CosFront\CosFront\cosfront\src\Front\FLayout.vue
FN:47,data
FN:52,created
FNF:2
FNH:0
FNDA:0,data
FNDA:0,created
DA:48,0
LF:1
LH:0
BRF:0
BRH:0
end_of_record
TN:
SF:C:\Users\Administrator\Desktop\CosFront\CosFront\cosfront\src\Front\Home.vue
FN:91,data
FN:99,created
FN:101,(anonymous_3)
FN:107,(anonymous_4)
FN:112,GetSrcList
FN:116,GetArticleList
FN:122,GetRich
FN:129,GetRichArticleList
FNF:8
FNH:0
FNDA:0,data
FNDA:0,created
FNDA:0,(anonymous_3)
FNDA:0,(anonymous_4)
FNDA:0,GetSrcList
FNDA:0,GetArticleList
FNDA:0,GetRich
FNDA:0,GetRichArticleList
DA:92,0
DA:100,0
DA:101,0
DA:103,0
DA:104,0
DA:105,0
DA:106,0
DA:108,0
DA:113,0
DA:114,0
DA:117,0
DA:118,0
DA:119,0
DA:120,0
DA:123,0
DA:124,0
DA:125,0
DA:126,0
DA:130,0
DA:131,0
DA:132,0
DA:133,0
LF:22
LH:0
BRF:0
BRH:0
end_of_record
TN:
SF:C:\Users\Administrator\Desktop\CosFront\CosFront\cosfront\src\Front\Mail.vue
FN:100,data
FN:128,submitForm
FN:135,(anonymous_4)
FN:140,(anonymous_5)
FNF:4
FNH:0
FNDA:0,data
FNDA:0,submitForm
FNDA:0,(anonymous_4)
FNDA:0,(anonymous_5)
DA:84,0
DA:85,0
DA:86,0
DA:87,0
DA:88,0
DA:89,0
DA:101,0
DA:129,0
DA:130,0
DA:131,0
DA:132,0
DA:133,0
DA:134,0
DA:135,0
DA:137,0
DA:138,0
DA:142,0
LF:17
LH:0
BRDA:137,0,0,0
BRDA:137,0,1,0
BRF:2
BRH:0
end_of_record
TN:
SF:C:\Users\Administrator\Desktop\CosFront\CosFront\cosfront\src\components\HelloWorld.vue
FN:89,data
FNF:1
FNH:0
FNDA:0,data
DA:90,0
LF:1
LH:0
BRF:0
BRH:0
end_of_record
